2019-10-21 11:23:06.181 INFO  com.pdstars.BootApplication Line:48  - Starting BootApplication on Wanglijun-PC with PID 18168 (E:\dmp_micro_server\branches\MultipleDatabasesTest\MultipleDatabasesTest_Server\target\classes started by Yanfa-0509 in E:\dmp_micro_server\branches\MultipleDatabasesTest\MultipleDatabasesTest_Server)
2019-10-21 11:23:06.192 INFO  com.pdstars.BootApplication Line:641 - The following profiles are active: dev
2019-10-21 11:23:06.229 INFO  org.springframework.boot.context.embedded.AnnotationConfigEmbeddedWebApplicationContext Line:582 - Refreshing org.springframework.boot.context.embedded.AnnotationConfigEmbeddedWebApplicationContext@4f704591: startup date [Mon Oct 21 11:23:06 CST 2019]; root of context hierarchy
2019-10-21 11:23:07.383 INFO  org.springframework.context.support.PostProcessorRegistrationDelegate$BeanPostProcessorChecker Line:325 - Bean 'org.springframework.boot.autoconfigure.jdbc.DataSourceConfiguration$Tomcat' of type [org.springframework.boot.autoconfigure.jdbc.DataSourceConfiguration$Tomcat] is not eligible for getting processed by all BeanPostProcessors (for example: not eligible for auto-proxying)
2019-10-21 11:23:07.466 INFO  org.springframework.context.support.PostProcessorRegistrationDelegate$BeanPostProcessorChecker Line:325 - Bean 'spring.datasource-org.springframework.boot.autoconfigure.jdbc.DataSourceProperties' of type [org.springframework.boot.autoconfigure.jdbc.DataSourceProperties] is not eligible for getting processed by all BeanPostProcessors (for example: not eligible for auto-proxying)
2019-10-21 11:23:07.591 INFO  org.springframework.context.support.PostProcessorRegistrationDelegate$BeanPostProcessorChecker Line:325 - Bean 'dataSource' of type [org.apache.tomcat.jdbc.pool.DataSource] is not eligible for getting processed by all BeanPostProcessors (for example: not eligible for auto-proxying)
2019-10-21 11:23:07.598 INFO  com.pdstars.db.config.bean.MyBatisConfigBean Line:65  - MyBatisConfigBean{sqlMapLocation='classpath:sqlmap/mysql/*.xml', mybatisConfigLocation='classpath:mybatis/mybatis-config.xml', typePackage='com.pdstars.dal'}
2019-10-21 11:23:07.600 INFO  org.springframework.context.support.PostProcessorRegistrationDelegate$BeanPostProcessorChecker Line:325 - Bean 'myBatisConfigBean' of type [com.pdstars.db.config.bean.MyBatisConfigBean$$EnhancerBySpringCGLIB$$2b91d437] is not eligible for getting processed by all BeanPostProcessors (for example: not eligible for auto-proxying)
2019-10-21 11:23:07.600 INFO  com.pdstars.db.config.MybatisConfig Line:46  - maplocaiton={}
2019-10-21 11:23:07.601 INFO  org.springframework.context.support.PostProcessorRegistrationDelegate$BeanPostProcessorChecker Line:325 - Bean 'mybatisConfig' of type [com.pdstars.db.config.MybatisConfig$$EnhancerBySpringCGLIB$$285e6cf1] is not eligible for getting processed by all BeanPostProcessors (for example: not eligible for auto-proxying)
2019-10-21 11:23:07.613 INFO  org.springframework.context.support.PostProcessorRegistrationDelegate$BeanPostProcessorChecker Line:325 - Bean 'DBInterceptor' of type [com.pdstars.db.config.DBInterceptor] is not eligible for getting processed by all BeanPostProcessors (for example: not eligible for auto-proxying)
2019-10-21 11:23:07.846 INFO  org.springframework.context.support.PostProcessorRegistrationDelegate$BeanPostProcessorChecker Line:325 - Bean 'pageHelper' of type [com.github.pagehelper.PageHelper] is not eligible for getting processed by all BeanPostProcessors (for example: not eligible for auto-proxying)
2019-10-21 11:23:08.185 INFO  org.springframework.context.support.PostProcessorRegistrationDelegate$BeanPostProcessorChecker Line:325 - Bean 'sqlSessionFactory' of type [org.mybatis.spring.SqlSessionFactoryBean] is not eligible for getting processed by all BeanPostProcessors (for example: not eligible for auto-proxying)
2019-10-21 11:23:08.185 INFO  org.springframework.context.support.PostProcessorRegistrationDelegate$BeanPostProcessorChecker Line:325 - Bean 'sqlSessionFactory' of type [org.apache.ibatis.session.defaults.DefaultSqlSessionFactory] is not eligible for getting processed by all BeanPostProcessors (for example: not eligible for auto-proxying)
2019-10-21 11:23:08.189 INFO  org.springframework.context.support.PostProcessorRegistrationDelegate$BeanPostProcessorChecker Line:325 - Bean 'typeMapper' of type [org.mybatis.spring.mapper.MapperFactoryBean] is not eligible for getting processed by all BeanPostProcessors (for example: not eligible for auto-proxying)
2019-10-21 11:23:08.190 INFO  org.springframework.context.support.PostProcessorRegistrationDelegate$BeanPostProcessorChecker Line:325 - Bean 'detailMapper' of type [org.mybatis.spring.mapper.MapperFactoryBean] is not eligible for getting processed by all BeanPostProcessors (for example: not eligible for auto-proxying)
2019-10-21 11:23:08.267 INFO  org.springframework.context.support.PostProcessorRegistrationDelegate$BeanPostProcessorChecker Line:325 - Bean 'org.springframework.transaction.annotation.ProxyTransactionManagementConfiguration' of type [org.springframework.transaction.annotation.ProxyTransactionManagementConfiguration$$EnhancerBySpringCGLIB$$23790301] is not eligible for getting processed by all BeanPostProcessors (for example: not eligible for auto-proxying)
2019-10-21 11:23:08.591 INFO  org.springframework.boot.context.embedded.tomcat.TomcatEmbeddedServletContainer Line:89  - Tomcat initialized with port(s): 10000 (http)
2019-10-21 11:23:08.601 INFO  org.apache.catalina.core.StandardService Line:179 - Starting service Tomcat
2019-10-21 11:23:08.602 INFO  org.apache.catalina.core.StandardEngine Line:179 - Starting Servlet Engine: Apache Tomcat/8.5.14
2019-10-21 11:23:08.756 INFO  org.apache.catalina.core.ContainerBase.[Tomcat].[localhost].[/] Line:179 - Initializing Spring embedded WebApplicationContext
2019-10-21 11:23:08.756 INFO  org.springframework.web.context.ContextLoader Line:276 - Root WebApplicationContext: initialization completed in 2527 ms
2019-10-21 11:23:08.944 INFO  org.springframework.boot.web.servlet.ServletRegistrationBean Line:190 - Mapping servlet: 'dispatcherServlet' to [/]
2019-10-21 11:23:08.949 INFO  org.springframework.boot.web.servlet.FilterRegistrationBean Line:258 - Mapping filter: 'characterEncodingFilter' to: [/*]
2019-10-21 11:23:08.950 INFO  org.springframework.boot.web.servlet.FilterRegistrationBean Line:258 - Mapping filter: 'hiddenHttpMethodFilter' to: [/*]
2019-10-21 11:23:08.950 INFO  org.springframework.boot.web.servlet.FilterRegistrationBean Line:258 - Mapping filter: 'httpPutFormContentFilter' to: [/*]
2019-10-21 11:23:08.950 INFO  org.springframework.boot.web.servlet.FilterRegistrationBean Line:258 - Mapping filter: 'requestContextFilter' to: [/*]
2019-10-21 11:23:09.024 INFO  com.pdstars.common.utils.SpringUtil Line:22  - me.shijunjie.util.SpringUtil
2019-10-21 11:23:09.024 INFO  com.pdstars.common.utils.SpringUtil Line:23  - ApplicationContext配置成功,在普通类可以通过调用SpringUtils.getAppContext()获取applicationContext对象,applicationContext=org.springframework.boot.context.embedded.AnnotationConfigEmbeddedWebApplicationContext@4f704591: startup date [Mon Oct 21 11:23:06 CST 2019]; root of context hierarchy
2019-10-21 11:23:09.496 INFO  org.springframework.web.servlet.mvc.method.annotation.RequestMappingHandlerMapping Line:543 - Mapped "{[/list]}" onto public com.pdstars.common.vo.GeneralResVO<java.lang.Object> com.pdstars.web.controller.test.TestController.getLog(javax.servlet.http.HttpServletRequest) throws java.lang.InstantiationException,java.lang.IllegalAccessException
2019-10-21 11:23:09.500 INFO  org.springframework.web.servlet.mvc.method.annotation.RequestMappingHandlerMapping Line:543 - Mapped "{[/swagger-resources/configuration/ui]}" onto public org.springframework.http.ResponseEntity<springfox.documentation.swagger.web.UiConfiguration> springfox.documentation.swagger.web.ApiResourceController.uiConfiguration()
2019-10-21 11:23:09.501 INFO  org.springframework.web.servlet.mvc.method.annotation.RequestMappingHandlerMapping Line:543 - Mapped "{[/swagger-resources]}" onto public org.springframework.http.ResponseEntity<java.util.List<springfox.documentation.swagger.web.SwaggerResource>> springfox.documentation.swagger.web.ApiResourceController.swaggerResources()
2019-10-21 11:23:09.503 INFO  org.springframework.web.servlet.mvc.method.annotation.RequestMappingHandlerMapping Line:543 - Mapped "{[/swagger-resources/configuration/security]}" onto public org.springframework.http.ResponseEntity<springfox.documentation.swagger.web.SecurityConfiguration> springfox.documentation.swagger.web.ApiResourceController.securityConfiguration()
2019-10-21 11:23:09.505 INFO  org.springframework.web.servlet.mvc.method.annotation.RequestMappingHandlerMapping Line:543 - Mapped "{[/error]}" onto public org.springframework.http.ResponseEntity<java.util.Map<java.lang.String, java.lang.Object>> org.springframework.boot.autoconfigure.web.BasicErrorController.error(javax.servlet.http.HttpServletRequest)
2019-10-21 11:23:09.506 INFO  org.springframework.web.servlet.mvc.method.annotation.RequestMappingHandlerMapping Line:543 - Mapped "{[/error],produces=[text/html]}" onto public org.springframework.web.servlet.ModelAndView org.springframework.boot.autoconfigure.web.BasicErrorController.errorHtml(javax.servlet.http.HttpServletRequest,javax.servlet.http.HttpServletResponse)
2019-10-21 11:23:09.665 INFO  springfox.documentation.spring.web.PropertySourcedRequestMappingHandlerMapping Line:69  - Mapped URL path [/v2/api-docs] onto method [public org.springframework.http.ResponseEntity<springfox.documentation.spring.web.json.Json> springfox.documentation.swagger2.web.Swagger2Controller.getDocumentation(java.lang.String,javax.servlet.http.HttpServletRequest)]
2019-10-21 11:23:09.782 INFO  org.springframework.web.servlet.mvc.method.annotation.RequestMappingHandlerAdapter Line:534 - Looking for @ControllerAdvice: org.springframework.boot.context.embedded.AnnotationConfigEmbeddedWebApplicationContext@4f704591: startup date [Mon Oct 21 11:23:06 CST 2019]; root of context hierarchy
2019-10-21 11:23:09.844 INFO  org.springframework.web.servlet.handler.SimpleUrlHandlerMapping Line:362 - Mapped URL path [/webjars/**] onto handler of type [class org.springframework.web.servlet.resource.ResourceHttpRequestHandler]
2019-10-21 11:23:09.844 INFO  org.springframework.web.servlet.handler.SimpleUrlHandlerMapping Line:362 - Mapped URL path [/**] onto handler of type [class org.springframework.web.servlet.resource.ResourceHttpRequestHandler]
2019-10-21 11:23:09.866 INFO  org.springframework.web.servlet.mvc.method.annotation.ExceptionHandlerExceptionResolver Line:273 - Detected @ExceptionHandler methods in globalExceptionHandler
2019-10-21 11:23:09.895 INFO  org.springframework.web.servlet.handler.SimpleUrlHandlerMapping Line:362 - Mapped URL path [/**/favicon.ico] onto handler of type [class org.springframework.web.servlet.resource.ResourceHttpRequestHandler]
2019-10-21 11:23:10.285 INFO  org.springframework.jmx.export.annotation.AnnotationMBeanExporter Line:431 - Registering beans for JMX exposure on startup
2019-10-21 11:23:10.291 INFO  org.springframework.context.support.DefaultLifecycleProcessor Line:343 - Starting beans in phase 2147483647
2019-10-21 11:23:10.292 INFO  springfox.documentation.spring.web.plugins.DocumentationPluginsBootstrapper Line:147 - Context refreshed
2019-10-21 11:23:10.305 INFO  springfox.documentation.spring.web.plugins.DocumentationPluginsBootstrapper Line:150 - Found 1 custom documentation plugin(s)
2019-10-21 11:23:10.334 INFO  springfox.documentation.spring.web.scanners.ApiListingReferenceScanner Line:41  - Scanning for api listing references
2019-10-21 11:23:10.517 INFO  org.springframework.boot.context.embedded.tomcat.TomcatEmbeddedServletContainer Line:198 - Tomcat started on port(s): 10000 (http)
2019-10-21 11:23:10.521 INFO  com.pdstars.BootApplication Line:57  - Started BootApplication in 4.576 seconds (JVM running for 6.076)
2019-10-21 11:23:42.100 INFO  org.apache.catalina.core.ContainerBase.[Tomcat].[localhost].[/] Line:179 - Initializing Spring FrameworkServlet 'dispatcherServlet'
2019-10-21 11:23:42.101 INFO  org.springframework.web.servlet.DispatcherServlet Line:489 - FrameworkServlet 'dispatcherServlet': initialization started
2019-10-21 11:23:42.130 INFO  org.springframework.web.servlet.DispatcherServlet Line:508 - FrameworkServlet 'dispatcherServlet': initialization completed in 29 ms
2019-10-21 11:28:50.251 INFO  com.pdstars.BootApplication Line:48  - Starting BootApplication on Wanglijun-PC with PID 6636 (E:\dmp_micro_server\branches\MultipleDatabasesTest\MultipleDatabasesTest_Server\target\classes started by Yanfa-0509 in E:\dmp_micro_server\branches\MultipleDatabasesTest\MultipleDatabasesTest_Server)
2019-10-21 11:28:50.257 INFO  com.pdstars.BootApplication Line:641 - The following profiles are active: dev
2019-10-21 11:28:50.290 INFO  org.springframework.boot.context.embedded.AnnotationConfigEmbeddedWebApplicationContext Line:582 - Refreshing org.springframework.boot.context.embedded.AnnotationConfigEmbeddedWebApplicationContext@4f704591: startup date [Mon Oct 21 11:28:50 CST 2019]; root of context hierarchy
2019-10-21 11:28:51.418 INFO  org.springframework.context.support.PostProcessorRegistrationDelegate$BeanPostProcessorChecker Line:325 - Bean 'org.springframework.boot.autoconfigure.jdbc.DataSourceConfiguration$Tomcat' of type [org.springframework.boot.autoconfigure.jdbc.DataSourceConfiguration$Tomcat] is not eligible for getting processed by all BeanPostProcessors (for example: not eligible for auto-proxying)
2019-10-21 11:28:51.500 INFO  org.springframework.context.support.PostProcessorRegistrationDelegate$BeanPostProcessorChecker Line:325 - Bean 'spring.datasource-org.springframework.boot.autoconfigure.jdbc.DataSourceProperties' of type [org.springframework.boot.autoconfigure.jdbc.DataSourceProperties] is not eligible for getting processed by all BeanPostProcessors (for example: not eligible for auto-proxying)
2019-10-21 11:28:51.606 INFO  org.springframework.context.support.PostProcessorRegistrationDelegate$BeanPostProcessorChecker Line:325 - Bean 'dataSource' of type [org.apache.tomcat.jdbc.pool.DataSource] is not eligible for getting processed by all BeanPostProcessors (for example: not eligible for auto-proxying)
2019-10-21 11:28:51.614 INFO  com.pdstars.db.config.bean.MyBatisConfigBean Line:65  - MyBatisConfigBean{sqlMapLocation='classpath:sqlmap/mysql/*.xml', mybatisConfigLocation='classpath:mybatis/mybatis-config.xml', typePackage='com.pdstars.dal'}
2019-10-21 11:28:51.616 INFO  org.springframework.context.support.PostProcessorRegistrationDelegate$BeanPostProcessorChecker Line:325 - Bean 'myBatisConfigBean' of type [com.pdstars.db.config.bean.MyBatisConfigBean$$EnhancerBySpringCGLIB$$86204e38] is not eligible for getting processed by all BeanPostProcessors (for example: not eligible for auto-proxying)
2019-10-21 11:28:51.616 INFO  com.pdstars.db.config.MybatisConfig Line:46  - maplocaiton={}
2019-10-21 11:28:51.616 INFO  org.springframework.context.support.PostProcessorRegistrationDelegate$BeanPostProcessorChecker Line:325 - Bean 'mybatisConfig' of type [com.pdstars.db.config.MybatisConfig$$EnhancerBySpringCGLIB$$82ece6f2] is not eligible for getting processed by all BeanPostProcessors (for example: not eligible for auto-proxying)
2019-10-21 11:28:51.628 INFO  org.springframework.context.support.PostProcessorRegistrationDelegate$BeanPostProcessorChecker Line:325 - Bean 'DBInterceptor' of type [com.pdstars.db.config.DBInterceptor] is not eligible for getting processed by all BeanPostProcessors (for example: not eligible for auto-proxying)
2019-10-21 11:28:51.648 INFO  org.springframework.context.support.PostProcessorRegistrationDelegate$BeanPostProcessorChecker Line:325 - Bean 'pageHelper' of type [com.github.pagehelper.PageHelper] is not eligible for getting processed by all BeanPostProcessors (for example: not eligible for auto-proxying)
2019-10-21 11:28:51.810 INFO  org.springframework.context.support.PostProcessorRegistrationDelegate$BeanPostProcessorChecker Line:325 - Bean 'sqlSessionFactory' of type [org.mybatis.spring.SqlSessionFactoryBean] is not eligible for getting processed by all BeanPostProcessors (for example: not eligible for auto-proxying)
2019-10-21 11:28:51.810 INFO  org.springframework.context.support.PostProcessorRegistrationDelegate$BeanPostProcessorChecker Line:325 - Bean 'sqlSessionFactory' of type [org.apache.ibatis.session.defaults.DefaultSqlSessionFactory] is not eligible for getting processed by all BeanPostProcessors (for example: not eligible for auto-proxying)
2019-10-21 11:28:51.813 INFO  org.springframework.context.support.PostProcessorRegistrationDelegate$BeanPostProcessorChecker Line:325 - Bean 'typeMapper' of type [org.mybatis.spring.mapper.MapperFactoryBean] is not eligible for getting processed by all BeanPostProcessors (for example: not eligible for auto-proxying)
2019-10-21 11:28:51.814 INFO  org.springframework.context.support.PostProcessorRegistrationDelegate$BeanPostProcessorChecker Line:325 - Bean 'detailMapper' of type [org.mybatis.spring.mapper.MapperFactoryBean] is not eligible for getting processed by all BeanPostProcessors (for example: not eligible for auto-proxying)
2019-10-21 11:28:51.888 INFO  org.springframework.context.support.PostProcessorRegistrationDelegate$BeanPostProcessorChecker Line:325 - Bean 'org.springframework.transaction.annotation.ProxyTransactionManagementConfiguration' of type [org.springframework.transaction.annotation.ProxyTransactionManagementConfiguration$$EnhancerBySpringCGLIB$$7e077d02] is not eligible for getting processed by all BeanPostProcessors (for example: not eligible for auto-proxying)
2019-10-21 11:28:52.168 INFO  org.springframework.boot.context.embedded.tomcat.TomcatEmbeddedServletContainer Line:89  - Tomcat initialized with port(s): 10000 (http)
2019-10-21 11:28:52.176 INFO  org.apache.catalina.core.StandardService Line:179 - Starting service Tomcat
2019-10-21 11:28:52.177 INFO  org.apache.catalina.core.StandardEngine Line:179 - Starting Servlet Engine: Apache Tomcat/8.5.14
2019-10-21 11:28:52.305 INFO  org.apache.catalina.core.ContainerBase.[Tomcat].[localhost].[/] Line:179 - Initializing Spring embedded WebApplicationContext
2019-10-21 11:28:52.305 INFO  org.springframework.web.context.ContextLoader Line:276 - Root WebApplicationContext: initialization completed in 2015 ms
2019-10-21 11:28:52.495 INFO  org.springframework.boot.web.servlet.ServletRegistrationBean Line:190 - Mapping servlet: 'dispatcherServlet' to [/]
2019-10-21 11:28:52.499 INFO  org.springframework.boot.web.servlet.FilterRegistrationBean Line:258 - Mapping filter: 'characterEncodingFilter' to: [/*]
2019-10-21 11:28:52.500 INFO  org.springframework.boot.web.servlet.FilterRegistrationBean Line:258 - Mapping filter: 'hiddenHttpMethodFilter' to: [/*]
2019-10-21 11:28:52.500 INFO  org.springframework.boot.web.servlet.FilterRegistrationBean Line:258 - Mapping filter: 'httpPutFormContentFilter' to: [/*]
2019-10-21 11:28:52.500 INFO  org.springframework.boot.web.servlet.FilterRegistrationBean Line:258 - Mapping filter: 'requestContextFilter' to: [/*]
2019-10-21 11:28:52.574 INFO  com.pdstars.common.utils.SpringUtil Line:22  - me.shijunjie.util.SpringUtil
2019-10-21 11:28:52.575 INFO  com.pdstars.common.utils.SpringUtil Line:23  - ApplicationContext配置成功,在普通类可以通过调用SpringUtils.getAppContext()获取applicationContext对象,applicationContext=org.springframework.boot.context.embedded.AnnotationConfigEmbeddedWebApplicationContext@4f704591: startup date [Mon Oct 21 11:28:50 CST 2019]; root of context hierarchy
2019-10-21 11:28:53.052 INFO  org.springframework.web.servlet.mvc.method.annotation.RequestMappingHandlerMapping Line:543 - Mapped "{[/list]}" onto public com.pdstars.common.vo.GeneralResVO<java.lang.Object> com.pdstars.web.controller.test.TestController.getLog(javax.servlet.http.HttpServletRequest) throws java.lang.InstantiationException,java.lang.IllegalAccessException
2019-10-21 11:28:53.056 INFO  org.springframework.web.servlet.mvc.method.annotation.RequestMappingHandlerMapping Line:543 - Mapped "{[/swagger-resources/configuration/ui]}" onto public org.springframework.http.ResponseEntity<springfox.documentation.swagger.web.UiConfiguration> springfox.documentation.swagger.web.ApiResourceController.uiConfiguration()
2019-10-21 11:28:53.057 INFO  org.springframework.web.servlet.mvc.method.annotation.RequestMappingHandlerMapping Line:543 - Mapped "{[/swagger-resources]}" onto public org.springframework.http.ResponseEntity<java.util.List<springfox.documentation.swagger.web.SwaggerResource>> springfox.documentation.swagger.web.ApiResourceController.swaggerResources()
2019-10-21 11:28:53.058 INFO  org.springframework.web.servlet.mvc.method.annotation.RequestMappingHandlerMapping Line:543 - Mapped "{[/swagger-resources/configuration/security]}" onto public org.springframework.http.ResponseEntity<springfox.documentation.swagger.web.SecurityConfiguration> springfox.documentation.swagger.web.ApiResourceController.securityConfiguration()
2019-10-21 11:28:53.060 INFO  org.springframework.web.servlet.mvc.method.annotation.RequestMappingHandlerMapping Line:543 - Mapped "{[/error]}" onto public org.springframework.http.ResponseEntity<java.util.Map<java.lang.String, java.lang.Object>> org.springframework.boot.autoconfigure.web.BasicErrorController.error(javax.servlet.http.HttpServletRequest)
2019-10-21 11:28:53.060 INFO  org.springframework.web.servlet.mvc.method.annotation.RequestMappingHandlerMapping Line:543 - Mapped "{[/error],produces=[text/html]}" onto public org.springframework.web.servlet.ModelAndView org.springframework.boot.autoconfigure.web.BasicErrorController.errorHtml(javax.servlet.http.HttpServletRequest,javax.servlet.http.HttpServletResponse)
2019-10-21 11:28:53.200 INFO  springfox.documentation.spring.web.PropertySourcedRequestMappingHandlerMapping Line:69  - Mapped URL path [/v2/api-docs] onto method [public org.springframework.http.ResponseEntity<springfox.documentation.spring.web.json.Json> springfox.documentation.swagger2.web.Swagger2Controller.getDocumentation(java.lang.String,javax.servlet.http.HttpServletRequest)]
2019-10-21 11:28:53.302 INFO  org.springframework.web.servlet.mvc.method.annotation.RequestMappingHandlerAdapter Line:534 - Looking for @ControllerAdvice: org.springframework.boot.context.embedded.AnnotationConfigEmbeddedWebApplicationContext@4f704591: startup date [Mon Oct 21 11:28:50 CST 2019]; root of context hierarchy
2019-10-21 11:28:53.358 INFO  org.springframework.web.servlet.handler.SimpleUrlHandlerMapping Line:362 - Mapped URL path [/webjars/**] onto handler of type [class org.springframework.web.servlet.resource.ResourceHttpRequestHandler]
2019-10-21 11:28:53.358 INFO  org.springframework.web.servlet.handler.SimpleUrlHandlerMapping Line:362 - Mapped URL path [/**] onto handler of type [class org.springframework.web.servlet.resource.ResourceHttpRequestHandler]
2019-10-21 11:28:53.380 INFO  org.springframework.web.servlet.mvc.method.annotation.ExceptionHandlerExceptionResolver Line:273 - Detected @ExceptionHandler methods in globalExceptionHandler
2019-10-21 11:28:53.408 INFO  org.springframework.web.servlet.handler.SimpleUrlHandlerMapping Line:362 - Mapped URL path [/**/favicon.ico] onto handler of type [class org.springframework.web.servlet.resource.ResourceHttpRequestHandler]
2019-10-21 11:28:53.779 INFO  org.springframework.jmx.export.annotation.AnnotationMBeanExporter Line:431 - Registering beans for JMX exposure on startup
2019-10-21 11:28:53.787 INFO  org.springframework.context.support.DefaultLifecycleProcessor Line:343 - Starting beans in phase 2147483647
2019-10-21 11:28:53.787 INFO  springfox.documentation.spring.web.plugins.DocumentationPluginsBootstrapper Line:147 - Context refreshed
2019-10-21 11:28:53.800 INFO  springfox.documentation.spring.web.plugins.DocumentationPluginsBootstrapper Line:150 - Found 1 custom documentation plugin(s)
2019-10-21 11:28:53.830 INFO  springfox.documentation.spring.web.scanners.ApiListingReferenceScanner Line:41  - Scanning for api listing references
2019-10-21 11:28:54.027 INFO  org.springframework.boot.context.embedded.tomcat.TomcatEmbeddedServletContainer Line:198 - Tomcat started on port(s): 10000 (http)
2019-10-21 11:28:54.034 INFO  com.pdstars.BootApplication Line:57  - Started BootApplication in 3.992 seconds (JVM running for 4.976)
2019-10-21 11:31:01.786 INFO  org.apache.catalina.core.ContainerBase.[Tomcat].[localhost].[/] Line:179 - Initializing Spring FrameworkServlet 'dispatcherServlet'
2019-10-21 11:31:01.787 INFO  org.springframework.web.servlet.DispatcherServlet Line:489 - FrameworkServlet 'dispatcherServlet': initialization started
2019-10-21 11:31:01.816 INFO  org.springframework.web.servlet.DispatcherServlet Line:508 - FrameworkServlet 'dispatcherServlet': initialization completed in 29 ms
2019-10-21 11:31:01.847 INFO  com.pdstars.db.config.DBInterceptor Line:419 - Original SQL:--- select id, type from type
2019-10-21 11:31:09.182 INFO  com.pdstars.db.config.DBInterceptor Line:426 - GetReturnTime:--- 7.335秒
