2019-10-25 11:20:18.160 INFO  com.pdstars.BootApplication Line:48  - Starting BootApplication on Wanglijun-PC with PID 39036 (E:\dmp_micro_server\branches\MultipleDatabasesTest\MultipleDatabasesTest_Server\target\classes started by Yanfa-0509 in E:\dmp_micro_server\branches\MultipleDatabasesTest\MultipleDatabasesTest_Server)
2019-10-25 11:20:18.169 INFO  com.pdstars.BootApplication Line:641 - The following profiles are active: dev
2019-10-25 11:20:18.256 INFO  org.springframework.boot.context.embedded.AnnotationConfigEmbeddedWebApplicationContext Line:582 - Refreshing org.springframework.boot.context.embedded.AnnotationConfigEmbeddedWebApplicationContext@4f704591: startup date [Fri Oct 25 11:20:18 CST 2019]; root of context hierarchy
2019-10-25 11:20:30.917 INFO  org.springframework.context.support.PostProcessorRegistrationDelegate$BeanPostProcessorChecker Line:325 - Bean 'org.springframework.boot.autoconfigure.jdbc.DataSourceConfiguration$Tomcat' of type [org.springframework.boot.autoconfigure.jdbc.DataSourceConfiguration$Tomcat] is not eligible for getting processed by all BeanPostProcessors (for example: not eligible for auto-proxying)
2019-10-25 11:20:31.000 INFO  org.springframework.context.support.PostProcessorRegistrationDelegate$BeanPostProcessorChecker Line:325 - Bean 'spring.datasource-org.springframework.boot.autoconfigure.jdbc.DataSourceProperties' of type [org.springframework.boot.autoconfigure.jdbc.DataSourceProperties] is not eligible for getting processed by all BeanPostProcessors (for example: not eligible for auto-proxying)
2019-10-25 11:20:43.007 INFO  org.springframework.context.support.PostProcessorRegistrationDelegate$BeanPostProcessorChecker Line:325 - Bean 'dataSource' of type [org.apache.tomcat.jdbc.pool.DataSource] is not eligible for getting processed by all BeanPostProcessors (for example: not eligible for auto-proxying)
2019-10-25 11:20:43.014 INFO  com.pdstars.db.config.bean.MyBatisConfigBean Line:65  - MyBatisConfigBean{sqlMapLocation='classpath:sqlmap/mssql/*.xml', mybatisConfigLocation='classpath:mybatis/mybatis-config.xml', typePackage='com.pdstars.dal'}
2019-10-25 11:20:43.016 INFO  org.springframework.context.support.PostProcessorRegistrationDelegate$BeanPostProcessorChecker Line:325 - Bean 'myBatisConfigBean' of type [com.pdstars.db.config.bean.MyBatisConfigBean$$EnhancerBySpringCGLIB$$1e2796d0] is not eligible for getting processed by all BeanPostProcessors (for example: not eligible for auto-proxying)
2019-10-25 11:20:43.016 INFO  com.pdstars.db.config.MybatisConfig Line:46  - maplocaiton={}
2019-10-25 11:20:43.017 INFO  org.springframework.context.support.PostProcessorRegistrationDelegate$BeanPostProcessorChecker Line:325 - Bean 'mybatisConfig' of type [com.pdstars.db.config.MybatisConfig$$EnhancerBySpringCGLIB$$1af42f8a] is not eligible for getting processed by all BeanPostProcessors (for example: not eligible for auto-proxying)
2019-10-25 11:20:43.049 INFO  org.springframework.context.support.PostProcessorRegistrationDelegate$BeanPostProcessorChecker Line:325 - Bean 'DBInterceptor' of type [com.pdstars.db.config.DBInterceptor] is not eligible for getting processed by all BeanPostProcessors (for example: not eligible for auto-proxying)
2019-10-25 11:20:43.070 INFO  org.springframework.context.support.PostProcessorRegistrationDelegate$BeanPostProcessorChecker Line:325 - Bean 'pageHelper' of type [com.github.pagehelper.PageHelper] is not eligible for getting processed by all BeanPostProcessors (for example: not eligible for auto-proxying)
2019-10-25 11:20:46.894 INFO  org.springframework.context.support.PostProcessorRegistrationDelegate$BeanPostProcessorChecker Line:325 - Bean 'org.springframework.transaction.annotation.ProxyTransactionManagementConfiguration' of type [org.springframework.transaction.annotation.ProxyTransactionManagementConfiguration$$EnhancerBySpringCGLIB$$160ec59a] is not eligible for getting processed by all BeanPostProcessors (for example: not eligible for auto-proxying)
2019-10-25 11:20:48.811 INFO  org.springframework.boot.context.embedded.tomcat.TomcatEmbeddedServletContainer Line:89  - Tomcat initialized with port(s): 10000 (http)
2019-10-25 11:20:48.821 INFO  org.apache.catalina.core.StandardService Line:179 - Starting service Tomcat
2019-10-25 11:20:48.822 INFO  org.apache.catalina.core.StandardEngine Line:179 - Starting Servlet Engine: Apache Tomcat/8.5.14
2019-10-25 11:20:49.090 INFO  org.apache.catalina.core.ContainerBase.[Tomcat].[localhost].[/] Line:179 - Initializing Spring embedded WebApplicationContext
2019-10-25 11:20:49.090 INFO  org.springframework.web.context.ContextLoader Line:276 - Root WebApplicationContext: initialization completed in 30834 ms
2019-10-25 11:20:49.827 INFO  org.springframework.boot.web.servlet.ServletRegistrationBean Line:190 - Mapping servlet: 'dispatcherServlet' to [/]
2019-10-25 11:20:49.832 INFO  org.springframework.boot.web.servlet.FilterRegistrationBean Line:258 - Mapping filter: 'characterEncodingFilter' to: [/*]
2019-10-25 11:20:49.884 INFO  org.springframework.boot.web.servlet.FilterRegistrationBean Line:258 - Mapping filter: 'hiddenHttpMethodFilter' to: [/*]
2019-10-25 11:20:49.885 INFO  org.springframework.boot.web.servlet.FilterRegistrationBean Line:258 - Mapping filter: 'httpPutFormContentFilter' to: [/*]
2019-10-25 11:20:49.885 INFO  org.springframework.boot.web.servlet.FilterRegistrationBean Line:258 - Mapping filter: 'requestContextFilter' to: [/*]
2019-10-25 11:20:50.032 INFO  org.apache.catalina.core.StandardService Line:179 - Stopping service Tomcat
2019-10-25 11:22:21.028 INFO  com.pdstars.BootApplication Line:48  - Starting BootApplication on Wanglijun-PC with PID 3184 (E:\dmp_micro_server\branches\MultipleDatabasesTest\MultipleDatabasesTest_Server\target\classes started by Yanfa-0509 in E:\dmp_micro_server\branches\MultipleDatabasesTest\MultipleDatabasesTest_Server)
2019-10-25 11:22:21.033 INFO  com.pdstars.BootApplication Line:641 - The following profiles are active: dev
2019-10-25 11:22:21.066 INFO  org.springframework.boot.context.embedded.AnnotationConfigEmbeddedWebApplicationContext Line:582 - Refreshing org.springframework.boot.context.embedded.AnnotationConfigEmbeddedWebApplicationContext@4f704591: startup date [Fri Oct 25 11:22:21 CST 2019]; root of context hierarchy
2019-10-25 11:22:22.254 INFO  org.springframework.context.support.PostProcessorRegistrationDelegate$BeanPostProcessorChecker Line:325 - Bean 'org.springframework.boot.autoconfigure.jdbc.DataSourceConfiguration$Tomcat' of type [org.springframework.boot.autoconfigure.jdbc.DataSourceConfiguration$Tomcat] is not eligible for getting processed by all BeanPostProcessors (for example: not eligible for auto-proxying)
2019-10-25 11:22:22.337 INFO  org.springframework.context.support.PostProcessorRegistrationDelegate$BeanPostProcessorChecker Line:325 - Bean 'spring.datasource-org.springframework.boot.autoconfigure.jdbc.DataSourceProperties' of type [org.springframework.boot.autoconfigure.jdbc.DataSourceProperties] is not eligible for getting processed by all BeanPostProcessors (for example: not eligible for auto-proxying)
2019-10-25 11:22:22.475 INFO  org.springframework.context.support.PostProcessorRegistrationDelegate$BeanPostProcessorChecker Line:325 - Bean 'dataSource' of type [org.apache.tomcat.jdbc.pool.DataSource] is not eligible for getting processed by all BeanPostProcessors (for example: not eligible for auto-proxying)
2019-10-25 11:22:22.483 INFO  com.pdstars.db.config.bean.MyBatisConfigBean Line:65  - MyBatisConfigBean{sqlMapLocation='classpath:sqlmap/mssql/*.xml', mybatisConfigLocation='classpath:mybatis/mybatis-config.xml', typePackage='com.pdstars.dal'}
2019-10-25 11:22:22.484 INFO  org.springframework.context.support.PostProcessorRegistrationDelegate$BeanPostProcessorChecker Line:325 - Bean 'myBatisConfigBean' of type [com.pdstars.db.config.bean.MyBatisConfigBean$$EnhancerBySpringCGLIB$$80dc2997] is not eligible for getting processed by all BeanPostProcessors (for example: not eligible for auto-proxying)
2019-10-25 11:22:22.485 INFO  com.pdstars.db.config.MybatisConfig Line:46  - maplocaiton={}
2019-10-25 11:22:22.485 INFO  org.springframework.context.support.PostProcessorRegistrationDelegate$BeanPostProcessorChecker Line:325 - Bean 'mybatisConfig' of type [com.pdstars.db.config.MybatisConfig$$EnhancerBySpringCGLIB$$7da8c251] is not eligible for getting processed by all BeanPostProcessors (for example: not eligible for auto-proxying)
2019-10-25 11:22:22.497 INFO  org.springframework.context.support.PostProcessorRegistrationDelegate$BeanPostProcessorChecker Line:325 - Bean 'DBInterceptor' of type [com.pdstars.db.config.DBInterceptor] is not eligible for getting processed by all BeanPostProcessors (for example: not eligible for auto-proxying)
2019-10-25 11:22:22.518 INFO  org.springframework.context.support.PostProcessorRegistrationDelegate$BeanPostProcessorChecker Line:325 - Bean 'pageHelper' of type [com.github.pagehelper.PageHelper] is not eligible for getting processed by all BeanPostProcessors (for example: not eligible for auto-proxying)
2019-10-25 11:22:22.691 INFO  org.springframework.context.support.PostProcessorRegistrationDelegate$BeanPostProcessorChecker Line:325 - Bean 'sqlSessionFactory' of type [org.mybatis.spring.SqlSessionFactoryBean] is not eligible for getting processed by all BeanPostProcessors (for example: not eligible for auto-proxying)
2019-10-25 11:22:22.692 INFO  org.springframework.context.support.PostProcessorRegistrationDelegate$BeanPostProcessorChecker Line:325 - Bean 'sqlSessionFactory' of type [org.apache.ibatis.session.defaults.DefaultSqlSessionFactory] is not eligible for getting processed by all BeanPostProcessors (for example: not eligible for auto-proxying)
2019-10-25 11:22:22.695 INFO  org.springframework.context.support.PostProcessorRegistrationDelegate$BeanPostProcessorChecker Line:325 - Bean 'typeMapper' of type [org.mybatis.spring.mapper.MapperFactoryBean] is not eligible for getting processed by all BeanPostProcessors (for example: not eligible for auto-proxying)
2019-10-25 11:22:22.697 INFO  org.springframework.context.support.PostProcessorRegistrationDelegate$BeanPostProcessorChecker Line:325 - Bean 'detailMapper' of type [org.mybatis.spring.mapper.MapperFactoryBean] is not eligible for getting processed by all BeanPostProcessors (for example: not eligible for auto-proxying)
2019-10-25 11:22:22.772 INFO  org.springframework.context.support.PostProcessorRegistrationDelegate$BeanPostProcessorChecker Line:325 - Bean 'org.springframework.transaction.annotation.ProxyTransactionManagementConfiguration' of type [org.springframework.transaction.annotation.ProxyTransactionManagementConfiguration$$EnhancerBySpringCGLIB$$78c35861] is not eligible for getting processed by all BeanPostProcessors (for example: not eligible for auto-proxying)
2019-10-25 11:22:23.057 INFO  org.springframework.boot.context.embedded.tomcat.TomcatEmbeddedServletContainer Line:89  - Tomcat initialized with port(s): 10000 (http)
2019-10-25 11:22:23.065 INFO  org.apache.catalina.core.StandardService Line:179 - Starting service Tomcat
2019-10-25 11:22:23.066 INFO  org.apache.catalina.core.StandardEngine Line:179 - Starting Servlet Engine: Apache Tomcat/8.5.14
2019-10-25 11:22:23.193 INFO  org.apache.catalina.core.ContainerBase.[Tomcat].[localhost].[/] Line:179 - Initializing Spring embedded WebApplicationContext
2019-10-25 11:22:23.193 INFO  org.springframework.web.context.ContextLoader Line:276 - Root WebApplicationContext: initialization completed in 2127 ms
2019-10-25 11:22:23.381 INFO  org.springframework.boot.web.servlet.ServletRegistrationBean Line:190 - Mapping servlet: 'dispatcherServlet' to [/]
2019-10-25 11:22:23.386 INFO  org.springframework.boot.web.servlet.FilterRegistrationBean Line:258 - Mapping filter: 'characterEncodingFilter' to: [/*]
2019-10-25 11:22:23.386 INFO  org.springframework.boot.web.servlet.FilterRegistrationBean Line:258 - Mapping filter: 'hiddenHttpMethodFilter' to: [/*]
2019-10-25 11:22:23.386 INFO  org.springframework.boot.web.servlet.FilterRegistrationBean Line:258 - Mapping filter: 'httpPutFormContentFilter' to: [/*]
2019-10-25 11:22:23.387 INFO  org.springframework.boot.web.servlet.FilterRegistrationBean Line:258 - Mapping filter: 'requestContextFilter' to: [/*]
2019-10-25 11:22:23.502 INFO  com.pdstars.common.utils.SpringUtil Line:22  - me.shijunjie.util.SpringUtil
2019-10-25 11:22:23.502 INFO  com.pdstars.common.utils.SpringUtil Line:23  - ApplicationContext配置成功,在普通类可以通过调用SpringUtils.getAppContext()获取applicationContext对象,applicationContext=org.springframework.boot.context.embedded.AnnotationConfigEmbeddedWebApplicationContext@4f704591: startup date [Fri Oct 25 11:22:21 CST 2019]; root of context hierarchy
2019-10-25 11:22:24.099 INFO  org.springframework.web.servlet.mvc.method.annotation.RequestMappingHandlerMapping Line:543 - Mapped "{[/connectStringTest],methods=[POST]}" onto public com.pdstars.common.vo.GeneralResVO<java.lang.Object> com.pdstars.web.controller.test.TestController.connectStringTest(java.lang.String,javax.servlet.http.HttpServletRequest) throws java.lang.InstantiationException,java.lang.IllegalAccessException
2019-10-25 11:22:24.100 INFO  org.springframework.web.servlet.mvc.method.annotation.RequestMappingHandlerMapping Line:543 - Mapped "{[/pagehelperTest],methods=[POST]}" onto public com.pdstars.common.vo.GeneralResVO<java.lang.Object> com.pdstars.web.controller.test.TestController.pagehelperTest(javax.servlet.http.HttpServletRequest) throws java.lang.InstantiationException,java.lang.IllegalAccessException
2019-10-25 11:22:24.100 INFO  org.springframework.web.servlet.mvc.method.annotation.RequestMappingHandlerMapping Line:543 - Mapped "{[/subQueryTest],methods=[POST]}" onto public com.pdstars.common.vo.GeneralResVO<java.lang.Object> com.pdstars.web.controller.test.TestController.subQueryTest(java.lang.Long,javax.servlet.http.HttpServletRequest) throws java.lang.InstantiationException,java.lang.IllegalAccessException
2019-10-25 11:22:24.101 INFO  org.springframework.web.servlet.mvc.method.annotation.RequestMappingHandlerMapping Line:543 - Mapped "{[/topFewTest],methods=[POST]}" onto public com.pdstars.common.vo.GeneralResVO<java.lang.Object> com.pdstars.web.controller.test.TestController.topFewTest(java.lang.Integer,javax.servlet.http.HttpServletRequest) throws java.lang.InstantiationException,java.lang.IllegalAccessException
2019-10-25 11:22:24.101 INFO  org.springframework.web.servlet.mvc.method.annotation.RequestMappingHandlerMapping Line:543 - Mapped "{[/dateformatTest],methods=[POST]}" onto public com.pdstars.common.vo.GeneralResVO<java.lang.Object> com.pdstars.web.controller.test.TestController.dateformatTest(javax.servlet.http.HttpServletRequest) throws java.lang.InstantiationException,java.lang.IllegalAccessException
2019-10-25 11:22:24.106 INFO  org.springframework.web.servlet.mvc.method.annotation.RequestMappingHandlerMapping Line:543 - Mapped "{[/swagger-resources/configuration/security]}" onto public org.springframework.http.ResponseEntity<springfox.documentation.swagger.web.SecurityConfiguration> springfox.documentation.swagger.web.ApiResourceController.securityConfiguration()
2019-10-25 11:22:24.107 INFO  org.springframework.web.servlet.mvc.method.annotation.RequestMappingHandlerMapping Line:543 - Mapped "{[/swagger-resources/configuration/ui]}" onto public org.springframework.http.ResponseEntity<springfox.documentation.swagger.web.UiConfiguration> springfox.documentation.swagger.web.ApiResourceController.uiConfiguration()
2019-10-25 11:22:24.108 INFO  org.springframework.web.servlet.mvc.method.annotation.RequestMappingHandlerMapping Line:543 - Mapped "{[/swagger-resources]}" onto public org.springframework.http.ResponseEntity<java.util.List<springfox.documentation.swagger.web.SwaggerResource>> springfox.documentation.swagger.web.ApiResourceController.swaggerResources()
2019-10-25 11:22:24.110 INFO  org.springframework.web.servlet.mvc.method.annotation.RequestMappingHandlerMapping Line:543 - Mapped "{[/error]}" onto public org.springframework.http.ResponseEntity<java.util.Map<java.lang.String, java.lang.Object>> org.springframework.boot.autoconfigure.web.BasicErrorController.error(javax.servlet.http.HttpServletRequest)
2019-10-25 11:22:24.110 INFO  org.springframework.web.servlet.mvc.method.annotation.RequestMappingHandlerMapping Line:543 - Mapped "{[/error],produces=[text/html]}" onto public org.springframework.web.servlet.ModelAndView org.springframework.boot.autoconfigure.web.BasicErrorController.errorHtml(javax.servlet.http.HttpServletRequest,javax.servlet.http.HttpServletResponse)
2019-10-25 11:22:24.256 INFO  springfox.documentation.spring.web.PropertySourcedRequestMappingHandlerMapping Line:69  - Mapped URL path [/v2/api-docs] onto method [public org.springframework.http.ResponseEntity<springfox.documentation.spring.web.json.Json> springfox.documentation.swagger2.web.Swagger2Controller.getDocumentation(java.lang.String,javax.servlet.http.HttpServletRequest)]
2019-10-25 11:22:24.363 INFO  org.springframework.web.servlet.mvc.method.annotation.RequestMappingHandlerAdapter Line:534 - Looking for @ControllerAdvice: org.springframework.boot.context.embedded.AnnotationConfigEmbeddedWebApplicationContext@4f704591: startup date [Fri Oct 25 11:22:21 CST 2019]; root of context hierarchy
2019-10-25 11:22:24.420 INFO  org.springframework.web.servlet.handler.SimpleUrlHandlerMapping Line:362 - Mapped URL path [/webjars/**] onto handler of type [class org.springframework.web.servlet.resource.ResourceHttpRequestHandler]
2019-10-25 11:22:24.421 INFO  org.springframework.web.servlet.handler.SimpleUrlHandlerMapping Line:362 - Mapped URL path [/**] onto handler of type [class org.springframework.web.servlet.resource.ResourceHttpRequestHandler]
2019-10-25 11:22:24.442 INFO  org.springframework.web.servlet.mvc.method.annotation.ExceptionHandlerExceptionResolver Line:273 - Detected @ExceptionHandler methods in globalExceptionHandler
2019-10-25 11:22:24.470 INFO  org.springframework.web.servlet.handler.SimpleUrlHandlerMapping Line:362 - Mapped URL path [/**/favicon.ico] onto handler of type [class org.springframework.web.servlet.resource.ResourceHttpRequestHandler]
2019-10-25 11:22:24.954 INFO  org.springframework.jmx.export.annotation.AnnotationMBeanExporter Line:431 - Registering beans for JMX exposure on startup
2019-10-25 11:22:24.961 INFO  org.springframework.context.support.DefaultLifecycleProcessor Line:343 - Starting beans in phase 2147483647
2019-10-25 11:22:24.962 INFO  springfox.documentation.spring.web.plugins.DocumentationPluginsBootstrapper Line:147 - Context refreshed
2019-10-25 11:22:24.998 INFO  springfox.documentation.spring.web.plugins.DocumentationPluginsBootstrapper Line:150 - Found 1 custom documentation plugin(s)
2019-10-25 11:22:25.034 INFO  springfox.documentation.spring.web.scanners.ApiListingReferenceScanner Line:41  - Scanning for api listing references
2019-10-25 11:22:25.468 INFO  org.springframework.boot.context.embedded.tomcat.TomcatEmbeddedServletContainer Line:198 - Tomcat started on port(s): 10000 (http)
2019-10-25 11:22:25.473 INFO  com.pdstars.BootApplication Line:57  - Started BootApplication in 4.658 seconds (JVM running for 5.759)
2019-10-25 11:22:30.658 INFO  org.apache.catalina.core.ContainerBase.[Tomcat].[localhost].[/] Line:179 - Initializing Spring FrameworkServlet 'dispatcherServlet'
2019-10-25 11:22:30.658 INFO  org.springframework.web.servlet.DispatcherServlet Line:489 - FrameworkServlet 'dispatcherServlet': initialization started
2019-10-25 11:22:30.689 INFO  org.springframework.web.servlet.DispatcherServlet Line:508 - FrameworkServlet 'dispatcherServlet': initialization completed in 30 ms
2019-10-25 11:22:41.940 INFO  com.pdstars.db.config.DBInterceptor Line:419 - Original SQL:--- select a.type_id,a.statistics_date,a.count,b.type from (SELECT type_id,CONVERT(varchar(100),insert_time, 23) as statistics_date,sum(count) as count from detail GROUP BY type_id,CONVERT(varchar(100),insert_time, 23))a inner join type b on a.type_id=b.id order by a.type_id,a.statistics_date
2019-10-25 11:22:42.643 INFO  com.pdstars.db.config.DBInterceptor Line:426 - GetReturnTime:--- 0.703秒
